c:\users\박지수\documents\github\2018_2_team2\debug\gaschedule.pch
c:\users\박지수\documents\github\2018_2_team2\debug\vc141.pdb
c:\users\박지수\documents\github\2018_2_team2\debug\vc141.idb
c:\users\박지수\documents\github\2018_2_team2\debug\stdafx.obj
c:\users\박지수\documents\github\2018_2_team2\debug\studentsgroup.obj
c:\users\박지수\documents\github\2018_2_team2\debug\schedule.obj
c:\users\박지수\documents\github\2018_2_team2\debug\room.obj
c:\users\박지수\documents\github\2018_2_team2\debug\professor.obj
c:\users\박지수\documents\github\2018_2_team2\debug\mainfrm.obj
c:\users\박지수\documents\github\2018_2_team2\debug\gascheduledoc.obj
c:\users\박지수\documents\github\2018_2_team2\debug\gaschedule.obj
c:\users\박지수\documents\github\2018_2_team2\debug\courseclass.obj
c:\users\박지수\documents\github\2018_2_team2\debug\course.obj
c:\users\박지수\documents\github\2018_2_team2\debug\configuration.obj
c:\users\박지수\documents\github\2018_2_team2\debug\childview.obj
c:\users\박지수\documents\github\2018_2_team2\debug\gaschedule.exe
c:\users\박지수\documents\github\2018_2_team2\debug\gaschedule.ilk
c:\users\박지수\documents\github\2018_2_team2\debug\gaschedule.pdb
c:\users\박지수\documents\github\2018_2_team2\debug\gaschedule.res
c:\users\박지수\documents\github\2018_2_team2\debug\gaschedule.tlog\cl.command.1.tlog
c:\users\박지수\documents\github\2018_2_team2\debug\gaschedule.tlog\cl.read.1.tlog
c:\users\박지수\documents\github\2018_2_team2\debug\gaschedule.tlog\cl.write.1.tlog
c:\users\박지수\documents\github\2018_2_team2\debug\gaschedule.tlog\link.command.1.tlog
c:\users\박지수\documents\github\2018_2_team2\debug\gaschedule.tlog\link.read.1.tlog
c:\users\박지수\documents\github\2018_2_team2\debug\gaschedule.tlog\link.write.1.tlog
c:\users\박지수\documents\github\2018_2_team2\debug\gaschedule.tlog\rc.command.1.tlog
c:\users\박지수\documents\github\2018_2_team2\debug\gaschedule.tlog\rc.read.1.tlog
c:\users\박지수\documents\github\2018_2_team2\debug\gaschedule.tlog\rc.write.1.tlog
