c:\users\정경원\documents\github\2018_2_team2_new\gaschedule\x64\debug\gaschedule.pch
c:\users\정경원\documents\github\2018_2_team2_new\gaschedule\x64\debug\vc141.pdb
c:\users\정경원\documents\github\2018_2_team2_new\gaschedule\x64\debug\vc141.idb
c:\users\정경원\documents\github\2018_2_team2_new\gaschedule\x64\debug\stdafx.obj
c:\users\정경원\documents\github\2018_2_team2_new\gaschedule\x64\debug\studentsgroup.obj
c:\users\정경원\documents\github\2018_2_team2_new\gaschedule\x64\debug\schedule.obj
c:\users\정경원\documents\github\2018_2_team2_new\gaschedule\x64\debug\room.obj
c:\users\정경원\documents\github\2018_2_team2_new\gaschedule\x64\debug\professor.obj
c:\users\정경원\documents\github\2018_2_team2_new\gaschedule\x64\debug\mainfrm.obj
c:\users\정경원\documents\github\2018_2_team2_new\gaschedule\x64\debug\gascheduledoc.obj
c:\users\정경원\documents\github\2018_2_team2_new\gaschedule\x64\debug\gaschedule.obj
c:\users\정경원\documents\github\2018_2_team2_new\gaschedule\x64\debug\courseclass.obj
c:\users\정경원\documents\github\2018_2_team2_new\gaschedule\x64\debug\course.obj
c:\users\정경원\documents\github\2018_2_team2_new\gaschedule\x64\debug\configuration.obj
c:\users\정경원\documents\github\2018_2_team2_new\gaschedule\x64\debug\childview.obj
c:\users\정경원\documents\github\2018_2_team2_new\gaschedule\x64\debug\gaschedule.res
c:\users\정경원\documents\github\2018_2_team2_new\x64\debug\gaschedule.exe
c:\users\정경원\documents\github\2018_2_team2_new\gaschedule\x64\debug\gaschedule.tlog\cl.command.1.tlog
c:\users\정경원\documents\github\2018_2_team2_new\gaschedule\x64\debug\gaschedule.tlog\cl.read.1.tlog
c:\users\정경원\documents\github\2018_2_team2_new\gaschedule\x64\debug\gaschedule.tlog\cl.write.1.tlog
c:\users\정경원\documents\github\2018_2_team2_new\gaschedule\x64\debug\gaschedule.tlog\link.command.1.tlog
c:\users\정경원\documents\github\2018_2_team2_new\gaschedule\x64\debug\gaschedule.tlog\link.read.1.tlog
c:\users\정경원\documents\github\2018_2_team2_new\gaschedule\x64\debug\gaschedule.tlog\link.write.1.tlog
c:\users\정경원\documents\github\2018_2_team2_new\gaschedule\x64\debug\gaschedule.tlog\rc.command.1.tlog
c:\users\정경원\documents\github\2018_2_team2_new\gaschedule\x64\debug\gaschedule.tlog\rc.read.1.tlog
c:\users\정경원\documents\github\2018_2_team2_new\gaschedule\x64\debug\gaschedule.tlog\rc.write.1.tlog
